c:\users\kosmx\documents\github\2d-game\x64\release\2d-game.ipdb
c:\users\kosmx\documents\github\2d-game\x64\release\2d-game.iobj
c:\users\kosmx\documents\github\2d-game\x64\release\vc142.pdb
c:\users\kosmx\documents\github\2d-game\x64\release\wallentity.obj
c:\users\kosmx\documents\github\2d-game\x64\release\simplesprite.obj
c:\users\kosmx\documents\github\2d-game\x64\release\resourcemanager.obj
c:\users\kosmx\documents\github\2d-game\x64\release\maingame.obj
c:\users\kosmx\documents\github\2d-game\x64\release\lazysprite.obj
c:\users\kosmx\documents\github\2d-game\x64\release\game.obj
c:\users\kosmx\documents\github\2d-game\x64\release\entity.obj
c:\users\kosmx\documents\github\2d-game\x64\release\walltexture.obj
c:\users\kosmx\documents\github\2d-game\x64\release\gameexception.obj
c:\users\kosmx\documents\github\2d-game\x64\release\dungeongenerator.obj
c:\users\kosmx\documents\github\2d-game\x64\release\2d-game.exe
c:\users\kosmx\documents\github\2d-game\x64\release\2d-game.pdb
c:\users\kosmx\documents\github\2d-game\x64\release\2d-game.tlog\2d-game.write.1u.tlog
c:\users\kosmx\documents\github\2d-game\x64\release\2d-game.tlog\cl.command.1.tlog
c:\users\kosmx\documents\github\2d-game\x64\release\2d-game.tlog\cl.read.1.tlog
c:\users\kosmx\documents\github\2d-game\x64\release\2d-game.tlog\cl.write.1.tlog
c:\users\kosmx\documents\github\2d-game\x64\release\2d-game.tlog\link.command.1.tlog
c:\users\kosmx\documents\github\2d-game\x64\release\2d-game.tlog\link.read.1.tlog
c:\users\kosmx\documents\github\2d-game\x64\release\2d-game.tlog\link.write.1.tlog
