  Entity.cpp
C:\Users\kosmx\Documents\GitHub\2d-game\Entity.cpp(21,42): warning C4244: 'argument': conversion from 'int' to 'T', possible loss of data
          with
          [
              T=float
          ]
C:\Users\kosmx\Documents\GitHub\2d-game\Entity.cpp(21,20): warning C4244: 'argument': conversion from 'int' to 'T', possible loss of data
          with
          [
              T=float
          ]
  game.cpp
  mainGame.cpp
  SimpleSprite.cpp
  WallEntity.cpp
  WallTexture.cpp
  Generating code
  327 of 1619 functions (20.2%) were compiled, the rest were copied from previous compilation.
    112 functions were new in current compilation
    103 functions had inline decision re-evaluated but remain unchanged
  Finished generating code
  2d-game.vcxproj -> C:\Users\kosmx\Documents\GitHub\2d-game\x64\Release\2d-game.exe
